Determining if the pthread_create exist failed with the following output:
Change Dir: /home/slacbot/catkin_ws/build/CMakeFiles/CMakeTmp

Run Build Command:/usr/bin/make "cmTryCompileExec926990703/fast"
/usr/bin/make -f CMakeFiles/cmTryCompileExec926990703.dir/build.make CMakeFiles/cmTryCompileExec926990703.dir/build
make[1]: Entering directory `/home/slacbot/catkin_ws/build/CMakeFiles/CMakeTmp'
/usr/bin/cmake -E cmake_progress_report /home/slacbot/catkin_ws/build/CMakeFiles/CMakeTmp/CMakeFiles 1
Building C object CMakeFiles/cmTryCompileExec926990703.dir/CheckSymbolExists.c.o
/usr/bin/cc    -o CMakeFiles/cmTryCompileExec926990703.dir/CheckSymbolExists.c.o   -c /home/slacbot/catkin_ws/build/CMakeFiles/CMakeTmp/CheckSymbolExists.c
Linking C executable cmTryCompileExec926990703
/usr/bin/cmake -E cmake_link_script CMakeFiles/cmTryCompileExec926990703.dir/link.txt --verbose=1
/usr/bin/cc       CMakeFiles/cmTryCompileExec926990703.dir/CheckSymbolExists.c.o  -o cmTryCompileExec926990703 -rdynamic 
CMakeFiles/cmTryCompileExec926990703.dir/CheckSymbolExists.c.o: In function `main':
CheckSymbolExists.c:(.text+0x16): undefined reference to `pthread_create'
collect2: error: ld returned 1 exit status
make[1]: *** [cmTryCompileExec926990703] Error 1
make[1]: Leaving directory `/home/slacbot/catkin_ws/build/CMakeFiles/CMakeTmp'
make: *** [cmTryCompileExec926990703/fast] Error 2

File /home/slacbot/catkin_ws/build/CMakeFiles/CMakeTmp/CheckSymbolExists.c:
/* */
#include <pthread.h>

int main(int argc, char** argv)
{
  (void)argv;
#ifndef pthread_create
  return ((int*)(&pthread_create))[argc];
#else
  (void)argc;
  return 0;
#endif
}

Determining if the function pthread_create exists in the pthreads failed with the following output:
Change Dir: /home/slacbot/catkin_ws/build/CMakeFiles/CMakeTmp

Run Build Command:/usr/bin/make "cmTryCompileExec3067175610/fast"
/usr/bin/make -f CMakeFiles/cmTryCompileExec3067175610.dir/build.make CMakeFiles/cmTryCompileExec3067175610.dir/build
make[1]: Entering directory `/home/slacbot/catkin_ws/build/CMakeFiles/CMakeTmp'
/usr/bin/cmake -E cmake_progress_report /home/slacbot/catkin_ws/build/CMakeFiles/CMakeTmp/CMakeFiles 1
Building C object CMakeFiles/cmTryCompileExec3067175610.dir/CheckFunctionExists.c.o
/usr/bin/cc   -DCHECK_FUNCTION_EXISTS=pthread_create   -o CMakeFiles/cmTryCompileExec3067175610.dir/CheckFunctionExists.c.o   -c /usr/share/cmake-2.8/Modules/CheckFunctionExists.c
Linking C executable cmTryCompileExec3067175610
/usr/bin/cmake -E cmake_link_script CMakeFiles/cmTryCompileExec3067175610.dir/link.txt --verbose=1
/usr/bin/cc   -DCHECK_FUNCTION_EXISTS=pthread_create    CMakeFiles/cmTryCompileExec3067175610.dir/CheckFunctionExists.c.o  -o cmTryCompileExec3067175610 -rdynamic -lpthreads 
/usr/bin/ld: cannot find -lpthreads
collect2: error: ld returned 1 exit status
make[1]: *** [cmTryCompileExec3067175610] Error 1
make[1]: Leaving directory `/home/slacbot/catkin_ws/build/CMakeFiles/CMakeTmp'
make: *** [cmTryCompileExec3067175610/fast] Error 2


